0 info it worked if it ends with ok
1 verbose cli [ 'D:\\everyday\\nodejs\\node.exe',
1 verbose cli   'D:\\everyday\\nodejs\\node_modules\\npm\\bin\\npm-cli.js',
1 verbose cli   'install' ]
2 info using npm@3.8.3
3 info using node@v5.10.1
4 silly loadCurrentTree Starting
5 silly install loadCurrentTree
6 silly install readLocalPackageData
7 silly install normalizeTree
8 silly loadCurrentTree Finishing
9 silly loadIdealTree Starting
10 silly install loadIdealTree
11 silly cloneCurrentTree Starting
12 silly install cloneCurrentTreeToIdealTree
13 silly cloneCurrentTree Finishing
14 silly loadShrinkwrap Starting
15 silly install loadShrinkwrap
16 silly loadShrinkwrap Finishing
17 silly loadAllDepsIntoIdealTree Starting
18 silly install loadAllDepsIntoIdealTree
19 silly fetchNamedPackageData supervior
20 silly mapToRegistry name supervior
21 silly mapToRegistry using default registry
22 silly mapToRegistry registry https://registry.npmjs.org/
23 silly mapToRegistry data Result {
23 silly mapToRegistry   raw: 'supervior',
23 silly mapToRegistry   scope: null,
23 silly mapToRegistry   name: 'supervior',
23 silly mapToRegistry   rawSpec: '',
23 silly mapToRegistry   spec: 'latest',
23 silly mapToRegistry   type: 'tag' }
24 silly mapToRegistry uri https://registry.npmjs.org/supervior
25 verbose request uri https://registry.npmjs.org/supervior
26 verbose request no auth needed
27 info attempt registry request try #1 at 13:37:08
28 verbose request id bf3aa5c966dac72c
29 http request GET https://registry.npmjs.org/supervior
30 http 404 https://registry.npmjs.org/supervior
31 verbose headers { 'content-type': 'application/json',
31 verbose headers   'cache-control': 'max-age=0',
31 verbose headers   'content-length': '2',
31 verbose headers   'accept-ranges': 'bytes',
31 verbose headers   date: 'Fri, 06 May 2016 05:37:09 GMT',
31 verbose headers   via: '1.1 varnish',
31 verbose headers   age: '0',
31 verbose headers   connection: 'keep-alive',
31 verbose headers   'x-served-by': 'cache-itm7421-ITM',
31 verbose headers   'x-cache': 'MISS',
31 verbose headers   'x-cache-hits': '0',
31 verbose headers   'x-timer': 'S1462513028.897495,VS0,VE794',
31 verbose headers   vary: 'Accept-Encoding' }
32 silly get cb [ 404,
32 silly get   { 'content-type': 'application/json',
32 silly get     'cache-control': 'max-age=0',
32 silly get     'content-length': '2',
32 silly get     'accept-ranges': 'bytes',
32 silly get     date: 'Fri, 06 May 2016 05:37:09 GMT',
32 silly get     via: '1.1 varnish',
32 silly get     age: '0',
32 silly get     connection: 'keep-alive',
32 silly get     'x-served-by': 'cache-itm7421-ITM',
32 silly get     'x-cache': 'MISS',
32 silly get     'x-cache-hits': '0',
32 silly get     'x-timer': 'S1462513028.897495,VS0,VE794',
32 silly get     vary: 'Accept-Encoding' } ]
33 silly fetchPackageMetaData Error: Registry returned 404 for GET on https://registry.npmjs.org/supervior
33 silly fetchPackageMetaData     at makeError (D:\everyday\nodejs\node_modules\npm\node_modules\npm-registry-client\lib\request.js:264:12)
33 silly fetchPackageMetaData     at CachingRegistryClient.<anonymous> (D:\everyday\nodejs\node_modules\npm\node_modules\npm-registry-client\lib\request.js:242:14)
33 silly fetchPackageMetaData     at Request._callback (D:\everyday\nodejs\node_modules\npm\node_modules\npm-registry-client\lib\request.js:172:14)
33 silly fetchPackageMetaData     at Request.self.callback (D:\everyday\nodejs\node_modules\npm\node_modules\request\request.js:199:22)
33 silly fetchPackageMetaData     at emitTwo (events.js:100:13)
33 silly fetchPackageMetaData     at Request.emit (events.js:185:7)
33 silly fetchPackageMetaData     at Request.<anonymous> (D:\everyday\nodejs\node_modules\npm\node_modules\request\request.js:1036:10)
33 silly fetchPackageMetaData     at emitOne (events.js:95:20)
33 silly fetchPackageMetaData     at Request.emit (events.js:182:7)
33 silly fetchPackageMetaData     at IncomingMessage.<anonymous> (D:\everyday\nodejs\node_modules\npm\node_modules\request\request.js:963:12)
33 silly fetchPackageMetaData  error for supervior@~0.10.0 { [Error: Registry returned 404 for GET on https://registry.npmjs.org/supervior] pkgid: 'supervior', statusCode: 404, code: 'E404' }
34 silly rollbackFailedOptional Starting
35 silly rollbackFailedOptional Finishing
36 silly runTopLevelLifecycles Starting
37 silly runTopLevelLifecycles Finishing
38 silly install printInstalled
39 verbose stack Error: Registry returned 404 for GET on https://registry.npmjs.org/supervior
39 verbose stack     at makeError (D:\everyday\nodejs\node_modules\npm\node_modules\npm-registry-client\lib\request.js:264:12)
39 verbose stack     at CachingRegistryClient.<anonymous> (D:\everyday\nodejs\node_modules\npm\node_modules\npm-registry-client\lib\request.js:242:14)
39 verbose stack     at Request._callback (D:\everyday\nodejs\node_modules\npm\node_modules\npm-registry-client\lib\request.js:172:14)
39 verbose stack     at Request.self.callback (D:\everyday\nodejs\node_modules\npm\node_modules\request\request.js:199:22)
39 verbose stack     at emitTwo (events.js:100:13)
39 verbose stack     at Request.emit (events.js:185:7)
39 verbose stack     at Request.<anonymous> (D:\everyday\nodejs\node_modules\npm\node_modules\request\request.js:1036:10)
39 verbose stack     at emitOne (events.js:95:20)
39 verbose stack     at Request.emit (events.js:182:7)
39 verbose stack     at IncomingMessage.<anonymous> (D:\everyday\nodejs\node_modules\npm\node_modules\request\request.js:963:12)
40 verbose statusCode 404
41 verbose pkgid supervior
42 verbose cwd D:\workspace_intelliJ\nodejs
43 error Windows_NT 6.1.7601
44 error argv "D:\\everyday\\nodejs\\node.exe" "D:\\everyday\\nodejs\\node_modules\\npm\\bin\\npm-cli.js" "install"
45 error node v5.10.1
46 error npm  v3.8.3
47 error code E404
48 error 404 Registry returned 404 for GET on https://registry.npmjs.org/supervior
49 error 404
50 error 404 'supervior' is not in the npm registry.
51 error 404 You should bug the author to publish it (or use the name yourself!)
52 error 404 It was specified as a dependency of 'nodejs'
53 error 404 Note that you can also install from a
54 error 404 tarball, folder, http url, or git url.
55 verbose exit [ 1, true ]
